<?xml version="1.0" encoding="UTF-8"?>
<testng-results ignored="0" total="1" passed="1" failed="0" skipped="0">
  <reporter-output>
  </reporter-output>
  <suite started-at="2021-07-16T08:23:43 IST" name="Default suite" finished-at="2021-07-16T08:23:43 IST" duration-ms="338">
    <groups>
      <group name="cucumber">
        <method signature="AbstractTestNGCucumberTests.runScenario(io.cucumber.testng.PickleWrapper,io.cucumber.testng.FeatureWrapper)[pri:0, instance:cucmberOptions.TestNGtestRunner@47faa49c]" name="runScenario" class="io.cucumber.testng.AbstractTestNGCucumberTests"/>
      </group> <!-- cucumber -->
    </groups>
    <test started-at="2021-07-16T08:23:43 IST" name="Default test" finished-at="2021-07-16T08:23:43 IST" duration-ms="338">
      <class name="cucmberOptions.TestNGtestRunner">
        <test-method is-config="true" signature="setUpClass()[pri:0, instance:cucmberOptions.TestNGtestRunner@47faa49c]" started-at="2021-07-16T08:23:43 IST" name="setUpClass" finished-at="2021-07-16T08:23:43 IST" duration-ms="199" status="PASS">
          <reporter-output>
          </reporter-output>
        </test-method> <!-- setUpClass -->
        <test-method signature="runScenario(io.cucumber.testng.PickleWrapper,io.cucumber.testng.FeatureWrapper)[pri:0, instance:cucmberOptions.TestNGtestRunner@47faa49c]" started-at="2021-07-16T08:23:43 IST" name="runScenario" description="Runs Cucumber Scenarios" data-provider="scenarios" finished-at="2021-07-16T08:23:43 IST" duration-ms="98" status="PASS">
          <params>
            <param index="0">
              <value>
                <![CDATA["Home page default login"]]>
              </value>
            </param>
            <param index="1">
              <value>
                <![CDATA["Optional[Application Login]"]]>
              </value>
            </param>
          </params>
          <reporter-output>
          </reporter-output>
        </test-method> <!-- runScenario -->
        <test-method is-config="true" signature="tearDownClass()[pri:0, instance:cucmberOptions.TestNGtestRunner@47faa49c]" started-at="2021-07-16T08:23:43 IST" name="tearDownClass" finished-at="2021-07-16T08:23:43 IST" duration-ms="9" status="PASS">
          <reporter-output>
          </reporter-output>
        </test-method> <!-- tearDownClass -->
      </class> <!-- cucmberOptions.TestNGtestRunner -->
    </test> <!-- Default test -->
  </suite> <!-- Default suite -->
</testng-results>
